[debug] [2019-07-14T22:09:15.272Z] ----------------------------------------------------------------------
[debug] [2019-07-14T22:09:15.273Z] Command:       /usr/local/Cellar/node/11.10.0/bin/node /usr/local/bin/firebase init
[debug] [2019-07-14T22:09:15.274Z] CLI Version:   7.1.0
[debug] [2019-07-14T22:09:15.274Z] Platform:      darwin
[debug] [2019-07-14T22:09:15.274Z] Node Version:  v11.10.0
[debug] [2019-07-14T22:09:15.275Z] Time:          Sun Jul 14 2019 23:09:15 GMT+0100 (British Summer Time)
[debug] [2019-07-14T22:09:15.275Z] ----------------------------------------------------------------------
[debug] 
[debug] [2019-07-14T22:09:15.280Z] > command requires scopes: ["email","openid","https://www.googleapis.com/auth/cloudplatformprojects.readonly","https://www.googleapis.com/auth/firebase","https://www.googleapis.com/auth/cloud-platform"]
[debug] [2019-07-14T22:09:15.281Z] > authorizing via signed-in user
[info] 
     ######## #### ########  ######## ########     ###     ######  ########
     ##        ##  ##     ## ##       ##     ##  ##   ##  ##       ##
     ######    ##  ########  ######   ########  #########  ######  ######
     ##        ##  ##    ##  ##       ##     ## ##     ##       ## ##
     ##       #### ##     ## ######## ########  ##     ##  ######  ########

You're about to initialize a Firebase project in this directory:

  /Users/Maximilian/Coding/Learnings/Front-End-Learnings/react/burger-builder

Before we get started, keep in mind:

  * You are currently outside your home directory

[info] 
=== Project Setup
[info] 
[info] First, let's associate this project directory with a Firebase project.
[info] You can create multiple project aliases by running firebase use --add, 
[info] but for now we'll just set up a default project.
[info] 
[debug] [2019-07-14T22:09:32.376Z] > refreshing access token with scopes: ["email","https://www.googleapis.com/auth/cloud-platform","https://www.googleapis.com/auth/cloudplatformprojects.readonly","https://www.googleapis.com/auth/firebase","openid"]
[debug] [2019-07-14T22:09:32.376Z] >>> HTTP REQUEST POST https://www.googleapis.com/oauth2/v3/token  
 <request body omitted>
[debug] [2019-07-14T22:09:32.520Z] <<< HTTP RESPONSE 200
[debug] [2019-07-14T22:09:32.537Z] >>> HTTP REQUEST GET https://firebase.googleapis.com/v1beta1/projects?page_size=100  
 
[debug] [2019-07-14T22:09:32.830Z] <<< HTTP RESPONSE 200
